0 verbose cli C:\Program Files\nodejs\node.exe C:\Program Files\nodejs\node_modules\npm\bin\npm-cli.js
1 info using npm@10.2.4
2 info using node@v20.11.0
3 timing npm:load:whichnode Completed in 4ms
4 timing config:load:defaults Completed in 5ms
5 timing config:load:file:C:\Users\Onimta\AppData\Roaming\nvm\v20.11.0\node_modules\npm\npmrc Completed in 1ms
6 timing config:load:builtin Completed in 1ms
7 timing config:load:cli Completed in 3ms
8 timing config:load:env Completed in 1ms
9 timing config:load:file:G:\React Projects\Ballys_Rewards\BallysRewards\.npmrc Completed in 0ms
10 timing config:load:project Completed in 5ms
11 timing config:load:file:C:\Users\Onimta\.npmrc Completed in 0ms
12 timing config:load:user Completed in 1ms
13 timing config:load:file:C:\Program Files\nodejs\etc\npmrc Completed in 0ms
14 timing config:load:global Completed in 0ms
15 timing config:load:setEnvs Completed in 1ms
16 timing config:load Completed in 18ms
17 timing npm:load:configload Completed in 18ms
18 timing config:load:flatten Completed in 3ms
19 timing npm:load:mkdirpcache Completed in 7ms
20 timing npm:load:mkdirplogs Completed in 3ms
21 verbose title npm install
22 verbose argv "install" "--cache" "--legacy-peer-deps"
23 timing npm:load:setTitle Completed in 1ms
24 timing npm:load:display Completed in 1ms
25 verbose logfile logs-max:10 dir:G:\React Projects\Ballys_Rewards\BallysRewards\--legacy-peer-deps\_logs\2024-03-30T10_22_16_914Z-
26 verbose logfile G:\React Projects\Ballys_Rewards\BallysRewards\--legacy-peer-deps\_logs\2024-03-30T10_22_16_914Z-debug-0.log
27 timing npm:load:logFile Completed in 50ms
28 timing npm:load:timers Completed in 0ms
29 timing npm:load:configScope Completed in 3ms
30 timing npm:load Completed in 131ms
31 timing arborist:ctor Completed in 2ms
32 silly logfile done cleaning log files
33 timing idealTree:init Completed in 1373ms
34 timing idealTree:userRequests Completed in 1ms
35 silly idealTree buildDeps
36 timing idealTree:#root Completed in 0ms
37 silly fetch manifest react-native-reanimated@>= 1.0.0
38 timing arborist:ctor Completed in 0ms
39 http fetch GET 200 https://registry.npmjs.org/react-native-reanimated 711ms (cache miss)
40 silly fetch manifest @babel/core@^7.0.0-0
41 http fetch GET 200 https://registry.npmjs.org/npm 2429ms (cache miss)
42 http fetch GET 200 https://registry.npmjs.org/@babel%2fcore 137ms (cache miss)
43 silly fetch manifest react@*
44 http fetch GET 200 https://registry.npmjs.org/react 143ms (cache miss)
45 silly fetch manifest react-native@*
46 http fetch GET 200 https://registry.npmjs.org/react-native 334ms (cache miss)
47 silly placeDep ROOT react-native-reanimated@3.8.1 OK for: @react-navigation/drawer@6.6.13 want: >= 1.0.0
48 timing idealTree:node_modules/@react-navigation/drawer Completed in 1467ms
49 silly fetch manifest react-native@^0.56.0
50 silly fetch manifest react@16.4.1
51 timing idealTree Completed in 2896ms
52 timing command:install Completed in 3177ms
53 notice
53 notice New [33mminor[39m version of npm available! [31m10.2.4[39m -> [32m10.5.0[39m
53 notice Changelog: [36mhttps://github.com/npm/cli/releases/tag/v10.5.0[39m
53 notice Run [32mnpm install -g npm@10.5.0[39m to update!
53 notice
54 verbose stack Error: could not resolve
54 verbose stack     at PlaceDep.failPeerConflict (C:\Users\Onimta\AppData\Roaming\nvm\v20.11.0\node_modules\npm\node_modules\@npmcli\arborist\lib\place-dep.js:503:25)
54 verbose stack     at new PlaceDep (C:\Users\Onimta\AppData\Roaming\nvm\v20.11.0\node_modules\npm\node_modules\@npmcli\arborist\lib\place-dep.js:157:21)
54 verbose stack     at #buildDepStep (C:\Users\Onimta\AppData\Roaming\nvm\v20.11.0\node_modules\npm\node_modules\@npmcli\arborist\lib\arborist\build-ideal-tree.js:933:18)
54 verbose stack     at async Arborist.buildIdealTree (C:\Users\Onimta\AppData\Roaming\nvm\v20.11.0\node_modules\npm\node_modules\@npmcli\arborist\lib\arborist\build-ideal-tree.js:196:7)
54 verbose stack     at async Promise.all (index 1)
54 verbose stack     at async Arborist.reify (C:\Users\Onimta\AppData\Roaming\nvm\v20.11.0\node_modules\npm\node_modules\@npmcli\arborist\lib\arborist\reify.js:159:5)
54 verbose stack     at async Install.exec (C:\Users\Onimta\AppData\Roaming\nvm\v20.11.0\node_modules\npm\lib\commands\install.js:152:5)
54 verbose stack     at async module.exports (C:\Users\Onimta\AppData\Roaming\nvm\v20.11.0\node_modules\npm\lib\cli-entry.js:61:5)
55 verbose cwd G:\React Projects\Ballys_Rewards\BallysRewards
56 verbose Windows_NT 10.0.19045
57 verbose node v20.11.0
58 verbose npm  v10.2.4
59 error code ERESOLVE
60 error ERESOLVE could not resolve
61 error
62 error While resolving: [1mreact-native-cardview[22m@[1m2.0.5[22m
62 error Found: [1mreact-native[22m@[1m0.73.0[22m[2m[22m
62 error [2mnode_modules/react-native[22m
62 error   [1mreact-native[22m@"[1m0.73.0[22m" from the root project
62 error   [35mpeer[39m [1mreact-native[22m@"[1m*[22m" from [1m@react-native/virtualized-lists[22m@[1m0.73.4[22m[2m[22m
62 error   [2mnode_modules/@react-native/virtualized-lists[22m
62 error     [1m@react-native/virtualized-lists[22m@"[1m^0.73.3[22m" from [1mreact-native[22m@[1m0.73.0[22m
62 error   17 more (@react-navigation/bottom-tabs, ...)
62 error
62 error Could not resolve dependency:
62 error [35mpeer[39m [1mreact-native[22m@"[1m^0.56.0[22m" from [1mreact-native-cardview[22m@[1m2.0.5[22m[2m[22m
62 error [2mnode_modules/react-native-cardview[22m
62 error   [1mreact-native-cardview[22m@"[1m^2.0.5[22m" from the root project
62 error
62 error Conflicting peer dependency: [1mreact-native[22m@[1m0.56.1[22m[2m[22m
62 error [2mnode_modules/react-native[22m
62 error   [35mpeer[39m [1mreact-native[22m@"[1m^0.56.0[22m" from [1mreact-native-cardview[22m@[1m2.0.5[22m[2m[22m
62 error   [2mnode_modules/react-native-cardview[22m
62 error     [1mreact-native-cardview[22m@"[1m^2.0.5[22m" from the root project
62 error
62 error Fix the upstream dependency conflict, or retry
62 error this command with --force or --legacy-peer-deps
62 error to accept an incorrect (and potentially broken) dependency resolution.
63 error
63 error
63 error For a full report see:
63 error G:\React Projects\Ballys_Rewards\BallysRewards\--legacy-peer-deps\_logs\2024-03-30T10_22_16_914Z-eresolve-report.txt
64 verbose exit 1
65 timing npm Completed in 4401ms
66 verbose unfinished npm timer reify 1711794138111
67 verbose unfinished npm timer reify:loadTrees 1711794138381
68 verbose unfinished npm timer idealTree:buildDeps 1711794139758
69 verbose unfinished npm timer idealTree:node_modules/react-native-cardview 1711794141228
70 verbose code 1
71 error A complete log of this run can be found in: G:\React Projects\Ballys_Rewards\BallysRewards\--legacy-peer-deps\_logs\2024-03-30T10_22_16_914Z-debug-0.log
